2026-06-14 10:47:50,986 [INFO] main: Random seed set to 42
2026-06-14 10:47:50,986 [INFO] src.dataset: Loading Planetoid dataset 'Cora' from root directory './data'...
2026-06-14 10:48:02,852 [INFO] src.dataset: Dataset loading completed.
2026-06-14 10:48:02,852 [INFO] src.dataset: Dataset name: Cora
2026-06-14 10:48:02,852 [INFO] src.dataset: Number of graphs: 1
2026-06-14 10:48:02,856 [INFO] src.dataset: Number of features: 1433
2026-06-14 10:48:02,858 [INFO] src.dataset: Number of classes: 7
2026-06-14 10:48:02,859 [INFO] src.dataset: Number of nodes: 2708
2026-06-14 10:48:02,859 [INFO] src.dataset: Number of edges: 10556
2026-06-14 10:48:02,859 [INFO] src.dataset: Average node degree: 3.90
2026-06-14 10:48:02,860 [INFO] src.dataset: Number of training nodes: 140
2026-06-14 10:48:02,860 [INFO] src.dataset: Number of validation nodes: 500
2026-06-14 10:48:02,860 [INFO] src.dataset: Number of test nodes: 1000
2026-06-14 10:48:02,863 [INFO] src.dataset: Has isolated nodes: False
2026-06-14 10:48:02,863 [INFO] src.dataset: Has self-loops: False
2026-06-14 10:48:02,865 [INFO] src.dataset: Is undirected: True
2026-06-14 10:48:02,871 [INFO] src.visualization: Extracting subgraph of 50 nodes starting from seed node 0...
2026-06-14 10:48:03,464 [INFO] src.visualization: Successfully saved subgraph visualization to './outputs\cora_subgraph.png'.
2026-06-14 10:48:03,465 [INFO] main: Milestone 1 successfully completed.
2026-06-14 10:50:36,901 [INFO] main: Random seed set to 42
2026-06-14 10:50:36,901 [INFO] src.dataset: Loading Planetoid dataset 'Cora' from root directory './data'...
2026-06-14 10:50:36,920 [INFO] src.dataset: Dataset loading completed.
2026-06-14 10:50:36,920 [INFO] src.dataset: Dataset name: Cora
2026-06-14 10:50:36,920 [INFO] src.dataset: Number of graphs: 1
2026-06-14 10:50:36,924 [INFO] src.dataset: Number of features: 1433
2026-06-14 10:50:36,927 [INFO] src.dataset: Number of classes: 7
2026-06-14 10:50:36,927 [INFO] src.dataset: Number of nodes: 2708
2026-06-14 10:50:36,927 [INFO] src.dataset: Number of edges: 10556
2026-06-14 10:50:36,927 [INFO] src.dataset: Average node degree: 3.90
2026-06-14 10:50:36,928 [INFO] src.dataset: Number of training nodes: 140
2026-06-14 10:50:36,928 [INFO] src.dataset: Number of validation nodes: 500
2026-06-14 10:50:36,928 [INFO] src.dataset: Number of test nodes: 1000
2026-06-14 10:50:36,930 [INFO] src.dataset: Has isolated nodes: False
2026-06-14 10:50:36,931 [INFO] src.dataset: Has self-loops: False
2026-06-14 10:50:36,932 [INFO] src.dataset: Is undirected: True
2026-06-14 10:50:36,934 [INFO] main: Using device: cuda
2026-06-14 10:50:37,580 [INFO] main: Initializing model of type: GCN
2026-06-14 10:50:37,639 [INFO] main: GCN(
  (conv1): CustomGCNConv()
  (conv2): CustomGCNConv()
)
2026-06-14 10:50:37,639 [INFO] main: Starting training loop...
2026-06-14 10:50:37,962 [INFO] main: Epoch: 001 | Train Loss: 1.9459 | Val Loss: 1.9412 | Train Acc: 0.1929 | Val Acc: 0.1480 | Test Acc: 0.1700
2026-06-14 10:50:38,020 [INFO] main: Epoch: 010 | Train Loss: 1.8385 | Val Loss: 1.8846 | Train Acc: 0.8357 | Val Acc: 0.5940 | Test Acc: 0.5860
2026-06-14 10:50:38,072 [INFO] main: Epoch: 020 | Train Loss: 1.5840 | Val Loss: 1.7352 | Train Acc: 0.9571 | Val Acc: 0.7280 | Test Acc: 0.7550
2026-06-14 10:50:38,130 [INFO] main: Epoch: 030 | Train Loss: 1.2140 | Val Loss: 1.5077 | Train Acc: 0.9643 | Val Acc: 0.7680 | Test Acc: 0.7880
2026-06-14 10:50:38,184 [INFO] main: Epoch: 040 | Train Loss: 0.8517 | Val Loss: 1.2711 | Train Acc: 0.9714 | Val Acc: 0.7900 | Test Acc: 0.8030
2026-06-14 10:50:38,231 [INFO] main: Epoch: 050 | Train Loss: 0.6285 | Val Loss: 1.0868 | Train Acc: 0.9857 | Val Acc: 0.7980 | Test Acc: 0.8070
2026-06-14 10:50:38,281 [INFO] main: Epoch: 060 | Train Loss: 0.4744 | Val Loss: 0.9699 | Train Acc: 0.9857 | Val Acc: 0.7980 | Test Acc: 0.8080
2026-06-14 10:50:38,326 [INFO] main: Epoch: 070 | Train Loss: 0.3980 | Val Loss: 0.9069 | Train Acc: 0.9857 | Val Acc: 0.7980 | Test Acc: 0.8150
2026-06-14 10:50:38,373 [INFO] main: Epoch: 080 | Train Loss: 0.3611 | Val Loss: 0.8646 | Train Acc: 0.9857 | Val Acc: 0.7960 | Test Acc: 0.8110
2026-06-14 10:50:38,429 [INFO] main: Epoch: 090 | Train Loss: 0.3110 | Val Loss: 0.8495 | Train Acc: 0.9929 | Val Acc: 0.7920 | Test Acc: 0.8050
2026-06-14 10:50:38,478 [INFO] main: Epoch: 100 | Train Loss: 0.3068 | Val Loss: 0.8215 | Train Acc: 1.0000 | Val Acc: 0.7900 | Test Acc: 0.8070
2026-06-14 10:50:38,531 [INFO] main: Epoch: 110 | Train Loss: 0.2589 | Val Loss: 0.8050 | Train Acc: 1.0000 | Val Acc: 0.7920 | Test Acc: 0.8090
2026-06-14 10:50:38,581 [INFO] main: Epoch: 120 | Train Loss: 0.2760 | Val Loss: 0.7987 | Train Acc: 1.0000 | Val Acc: 0.7980 | Test Acc: 0.8010
2026-06-14 10:50:38,627 [INFO] main: Epoch: 130 | Train Loss: 0.2304 | Val Loss: 0.7729 | Train Acc: 1.0000 | Val Acc: 0.7980 | Test Acc: 0.8090
2026-06-14 10:50:38,672 [INFO] main: Epoch: 140 | Train Loss: 0.2267 | Val Loss: 0.7672 | Train Acc: 1.0000 | Val Acc: 0.7940 | Test Acc: 0.8060
2026-06-14 10:50:38,717 [INFO] main: Epoch: 150 | Train Loss: 0.2245 | Val Loss: 0.7622 | Train Acc: 1.0000 | Val Acc: 0.7900 | Test Acc: 0.8130
2026-06-14 10:50:38,764 [INFO] main: Epoch: 160 | Train Loss: 0.2052 | Val Loss: 0.7661 | Train Acc: 1.0000 | Val Acc: 0.7900 | Test Acc: 0.8020
2026-06-14 10:50:38,814 [INFO] main: Epoch: 170 | Train Loss: 0.2094 | Val Loss: 0.7597 | Train Acc: 1.0000 | Val Acc: 0.7860 | Test Acc: 0.8010
2026-06-14 10:50:38,860 [INFO] main: Epoch: 180 | Train Loss: 0.1892 | Val Loss: 0.7446 | Train Acc: 1.0000 | Val Acc: 0.7840 | Test Acc: 0.8100
2026-06-14 10:50:38,912 [INFO] main: Epoch: 190 | Train Loss: 0.1926 | Val Loss: 0.7441 | Train Acc: 1.0000 | Val Acc: 0.7940 | Test Acc: 0.8090
2026-06-14 10:50:38,962 [INFO] main: Epoch: 200 | Train Loss: 0.1699 | Val Loss: 0.7463 | Train Acc: 1.0000 | Val Acc: 0.7960 | Test Acc: 0.8020
2026-06-14 10:50:38,962 [INFO] main: Training completed. Best Val Acc: 0.8120 at Epoch 47.
2026-06-14 10:50:38,981 [INFO] main: Loaded best model weights from 'checkpoints/best_gcn_model.pth'
2026-06-14 10:50:38,983 [INFO] main: Final Test Accuracy of best model: 0.8150 (Test Loss: 1.0971)
2026-06-14 10:50:38,983 [INFO] src.visualization: Plotting training curves and saving to './outputs\gcn_training_curves.png'...
2026-06-14 10:50:39,215 [INFO] src.visualization: Successfully saved training curves to './outputs\gcn_training_curves.png'.
2026-06-14 10:50:39,215 [INFO] main: Milestone 2 successfully completed.
